<?xml version="1.0" encoding="UTF-8"?>
<!-- Generated by org.testng.reporters.JUnitXMLReporter -->
<testsuite ignored="0" hostname="DESKTOP-CSC7RQF" failures="0" tests="47" name="Test" time="3174.17" errors="0" timestamp="2025-09-24T17:39:18 IST">
  <testcase classname="add_Product.MaxPurchaseQuantityRange_ProductTest" name="maxPurchaseQuantity" time="13.699"/>
  <testcase classname="add_Product.NumericsLoyaltyPoints_ProductTest" name="numericsLoyaltyPoints" time="30.988"/>
  <testcase classname="add_Product.MaxLength_ProductNameTest" name="maxLength" time="12.517"/>
  <testcase classname="add_Product.LessThanThreeName_ProductTest" name="lessThanThreeName" time="12.864"/>
  <testcase classname="add_Product.SelectVarianteValue_ProductTest" name="selectVarianteValue" time="23.552"/>
  <testcase classname="add_Product.NoDelete_ProductTest" name="noDelete" time="8.02"/>
  <testcase classname="add_Product.NumbersMinPurchaseQuantity_ProductTest" name="numbersMinPurchaseQuantity" time="12.716"/>
  <testcase classname="add_Product.SpecialCharactersCreateVariants_ProductTest" name="specialCharactersCreateVariante" time="44.807"/>
  <testcase classname="add_Product.ValidateProductScreenTest" name="validate" time="5.874"/>
  <testcase classname="add_Product.OptionalFields_ProductTest" name="optionalField" time="17.243"/>
  <testcase classname="add_Product.NumericPrice_ProductTest" name="numericPrice" time="11.671"/>
  <testcase classname="add_Product.ValidSpecification_ProductTest" name="valid" time="39.595"/>
  <testcase classname="add_Product.ZeroStockQuantity_ProductTest" name="zeroStockQuantity" time="22.368"/>
  <testcase classname="add_Product.ExcludeGST_ProductTest" name="excludeGST" time="24.268"/>
  <testcase classname="add_Product.SpecialCharactersMinQuantity_ProductTest" name="specialCharactersMinQuantity" time="10.909"/>
  <testcase classname="add_Product.RupeesDiscount_ProductTest" name="rupeesDiscount" time="13.447"/>
  <testcase classname="add_Product.MaxLimitProductName_ProductTest" name="maxLimitName" time="7.865"/>
  <testcase classname="add_Product.NegativeLoyaltyPoints_ProductTest" name="negativeLoyaltyPoints" time="17.414"/>
  <testcase classname="add_Product.LessThan3Description_ProductTest" name="lessThan3Description" time="26.53"/>
  <testcase classname="add_Product.SpecialCharactersPrice_ProductTest" name="specialCharactersPrice" time="11.271"/>
  <testcase classname="add_Product.SpecialCharactersAddValue_ProductTest" name="specialCharactersAddValue" time="19.608"/>
  <testcase classname="add_Product.LessThanMinPurchase_ProductTest" name="lessThanMinPurchase" time="11.17"/>
  <testcase classname="add_Product.ValidUploadImage_ProductTest" name="valid" time="38.286"/>
  <testcase classname="add_Product.ZeroMinPurchaseQuantity_ProductTest" name="zeroMinPurchase" time="12.421"/>
  <testcase classname="add_Product.NumericsStock_ProductTest" name="numericStock" time="23.276"/>
  <testcase classname="add_Product.SelectBrand_ProductTest" name="selectBrand" time="20.549"/>
  <testcase classname="add_Product.SelectExistingCategory_ProductTest" name="category" time="10.236"/>
  <testcase classname="add_Product.SelectVariante_ProductTest" name="selectVariante" time="19.209"/>
  <testcase classname="add_Product.NumericHSNCode_ProductTest" name="numerics" time="36.24"/>
  <testcase classname="add_Product.SpecialChracterCategory_ProductTest" name="specialCharacter" time="20.207"/>
  <testcase classname="add_Product.MoreThanLimitDiscount_ProductTest" name="moreThanLimitDiscount" time="12.894"/>
  <testcase classname="add_Product.MoreThan2DecimalPrice_ProductTest" name="moreThan2DecimalPrice" time="11.826"/>
  <testcase classname="add_Product.PercentageDiscount_ProductTest" name="persentageDiscount" time="17.189"/>
  <testcase classname="add_Product.MaxLimitPrice_ProductTest" name="maxLimitPrice" time="11.018"/>
  <testcase classname="add_Product.NegativeStock_ProductTest" name="negativeStock" time="11.738"/>
  <testcase classname="add_Product.SpecialCharactersDiscount_ProductTest" name="specialCharactersDiscount" time="13.906"/>
  <testcase classname="add_Product.SelectVariant_ProductTest" name="selectVariante" time="31.2"/>
  <testcase classname="add_Product.ProductUnit_ProductTest" name="productUnit" time="19.429"/>
  <testcase classname="add_Product.ZeroPrice_ProductTest" name="emptyPrice" time="12.031"/>
  <testcase classname="add_Product.SpecialCharactersName_ProductTest" name="specialCharactersName" time="9.46"/>
  <testcase classname="add_Product.InvalidHSN_ProductTest" name="invalidHSN" time="14.763"/>
  <testcase classname="add_Product.ValidDescription_ProductTest" name="valid" time="29.503"/>
  <testcase classname="add_Product.LessThan3Specification_ProductTest" name="lessThan3Specification" time="30.49"/>
  <testcase classname="add_Product.NumbersCreateCategory_ProductTest" name="numbersCreateCategory" time="19.669"/>
  <testcase classname="add_Product.EnablePublish_ProductTest" name="enable" time="5.724"/>
  <testcase classname="add_Product.MinimumPurchase_ProductTest" name="minimumPurchase" time="12.586"/>
  <testcase classname="add_Product.ZeroDiscount_ProductTest" name="zeroDiscount" time="13.763"/>
</testsuite> <!-- Test -->
