<?xml version="1.0" encoding="UTF-8"?>
<!-- Generated by org.testng.reporters.JUnitXMLReporter -->
<testsuite ignored="0" hostname="DESKTOP-CSC7RQF" failures="0" tests="86" name="Test" time="4698.645" errors="0" timestamp="2025-09-25T15:43:08 IST">
  <testcase classname="add_Product.MaxPurchaseQuantityRange_ProductTest" name="maxPurchaseQuantity" time="14.898"/>
  <testcase classname="add_Product.MaxLength_ProductNameTest" name="maxLength" time="9.878"/>
  <testcase classname="add_Product.SelectVarianteValue_ProductTest" name="selectVarianteValue" time="22.881"/>
  <testcase classname="add_Product.NoDelete_ProductTest" name="noDelete" time="8.924"/>
  <testcase classname="add_Product.ValidateProductScreenTest" name="validate" time="4.219"/>
  <testcase classname="add_Product.OptionalFields_ProductTest" name="optionalField" time="16.685"/>
  <testcase classname="add_Product.DecimalsStock_ProductTest" name="decimalStock" time="11.2"/>
  <testcase classname="add_Product.ValidSpecification_ProductTest" name="valid" time="34.555"/>
  <testcase classname="add_Product.ZeroStockQuantity_ProductTest" name="zeroStockQuantity" time="20.525"/>
  <testcase classname="add_Product.BackButton_ProductTest" name="backButton" time="5.286"/>
  <testcase classname="add_Product.AlphaNumericsPrice_ProductTest" name="alphaNumericsPrice" time="11.31"/>
  <testcase classname="add_Product.EmptyProductName_ProductTest" name="emptyProductName" time="7.117"/>
  <testcase classname="add_Product.AlphaNumericsAddValue_ProductTest" name="alphaNumericsAddValue" time="20.33"/>
  <testcase classname="add_Product.AlphaNumericsMinQuantity_ProductTest" name="alphabetsMinQuantity" time="11.687"/>
  <testcase classname="add_Product.RupeesDiscount_ProductTest" name="rupeesDiscount" time="13.673"/>
  <testcase classname="add_Product.MaxLimitProductName_ProductTest" name="maxLimitName" time="10.077"/>
  <testcase classname="add_Product.BlankCreateVariante_ProductTest" name="blankCreateVariante" time="22.696"/>
  <testcase classname="add_Product.LessThan3Description_ProductTest" name="lessThan3Description" time="24.937"/>
  <testcase classname="add_Product.SpecialCharactersAddValue_ProductTest" name="specialCharactersAddValue" time="18.036"/>
  <testcase classname="add_Product.DeleteCategory_ProductTest" name="deleteCategory" time="16.102"/>
  <testcase classname="add_Product.ZeroMinPurchaseQuantity_ProductTest" name="zeroMinPurchase" time="13.15"/>
  <testcase classname="add_Product.NumericsStock_ProductTest" name="numericStock" time="21.034"/>
  <testcase classname="add_Product.CreateBrand_ProductTest" name="createBrand" time="25.172"/>
  <testcase classname="add_Product.BlankCategory_ProductTest" name="blank" time="6.85"/>
  <testcase classname="add_Product.BlankAddValue_ProductTest" name="blankAddValue" time="18.248"/>
  <testcase classname="add_Product.CreateAlphaNumericsVariant_ProductTest" name="createAlphaNumericsVariante" time="44.691"/>
  <testcase classname="add_Product.CreateCategory_ProductTest" name="allowedCharacters" time="28.753"/>
  <testcase classname="add_Product.AlphaNumericsDiscount_ProductTest" name="alphaNumericsDiscount" time="14.088"/>
  <testcase classname="add_Product.SpecialCharactersDiscount_ProductTest" name="specialCharactersDiscount" time="13.609"/>
  <testcase classname="add_Product.SelectVariant_ProductTest" name="selectVariante" time="31.305"/>
  <testcase classname="add_Product.Delete_ProductTest" name="delete" time="22.185"/>
  <testcase classname="add_Product.ValidDescription_ProductTest" name="valid" time="28.581"/>
  <testcase classname="add_Product.AlphaNumericCreateCategory_ProductTest" name="alphaNumericCreateCategory" time="16.782"/>
  <testcase classname="add_Product.NumbersCreateCategory_ProductTest" name="numbersCreateCategory" time="17.707"/>
  <testcase classname="add_Product.MinimumPurchase_ProductTest" name="minimumPurchase" time="11.496"/>
  <testcase classname="add_Product.EmptyMinPurchaseQuantity_ProductTest" name="emptyMinPurchase" time="26.7"/>
  <testcase classname="add_Product.AlphabetsMinQuantity_ProductTest" name="alphabetsMinQuantity" time="17.263"/>
  <testcase classname="add_Product.EditValidData_ProductTest" name="editValidData" time="26.432"/>
  <testcase classname="add_Product.NumericsLoyaltyPoints_ProductTest" name="numericsLoyaltyPoints" time="33.515"/>
  <testcase classname="add_Product.LessThanThreeName_ProductTest" name="lessThanThreeName" time="10.653"/>
  <testcase classname="add_Product.AlphabetsPrice_ProdcutTest" name="alphabetsPrice" time="12.806"/>
  <testcase classname="add_Product.NumbersMinPurchaseQuantity_ProductTest" name="numbersMinPurchaseQuantity" time="10.68"/>
  <testcase classname="add_Product.SpecialCharactersCreateVariants_ProductTest" name="specialCharactersCreateVariante" time="41.415"/>
  <testcase classname="add_Product.DeleteNoCategory_ProductTest" name="deleteNo" time="8.255"/>
  <testcase classname="add_Product.NumericPrice_ProductTest" name="numericPrice" time="11.274"/>
  <testcase classname="add_Product.ExcludeGST_ProductTest" name="excludeGST" time="26.463"/>
  <testcase classname="add_Product.AddVariantData_ProductTest" name="selectVarianteValue" time="23.279"/>
  <testcase classname="add_Product.DecimalLoyaltyPoints_ProductTest" name="decimalLoyaltyPoints" time="31.566"/>
  <testcase classname="add_Product.AllowedCharacters_ProductNameTest" name="allowedCharacters" time="8.241"/>
  <testcase classname="add_Product.SpecialCharactersMinQuantity_ProductTest" name="specialCharactersMinQuantity" time="12.373"/>
  <testcase classname="add_Product.CreateValidVariante_ProductTest" name="createVariante" time="41.261"/>
  <testcase classname="add_Product.DisablePublish_ProductTest" name="disable" time="6.988"/>
  <testcase classname="add_Product.EditCtegoryValidData_ProductTest" name="edit" time="12.823"/>
  <testcase classname="add_Product.AlphabetsDiscount_ProductTest" name="alphabetsDiscount" time="12.342"/>
  <testcase classname="add_Product.NegativeLoyaltyPoints_ProductTest" name="negativeLoyaltyPoints" time="18.713"/>
  <testcase classname="add_Product.SpecialCharactersPrice_ProductTest" name="specialCharactersPrice" time="10.46"/>
  <testcase classname="add_Product.LessThanMinPurchase_ProductTest" name="lessThanMinPurchase" time="11.353"/>
  <testcase classname="add_Product.DeleteExistingIMage_ProductTest" name="delete" time="28.806"/>
  <testcase classname="add_Product.ValidUploadImage_ProductTest" name="valid" time="34.211"/>
  <testcase classname="add_Product.EditCategoryInvalidData_ProductTest" name="editInvalidData" time="11.738"/>
  <testcase classname="add_Product.EditInvalidData_ProductTest" name="editInvalidData" time="10.511"/>
  <testcase classname="add_Product.DecimalPrice_ProductTest" name="decimalPrice" time="9.537"/>
  <testcase classname="add_Product.SelectBrand_ProductTest" name="selectBrand" time="18.928"/>
  <testcase classname="add_Product.SelectExistingCategory_ProductTest" name="category" time="8.595"/>
  <testcase classname="add_Product.EmptyPrice_ProductTest" name="emptyPrice" time="9.287"/>
  <testcase classname="add_Product.SelectVariante_ProductTest" name="selectVariante" time="16.906"/>
  <testcase classname="add_Product.DecimalsMinPurchaseQuantity_ProductTest" name="decimalsMinPurchaseQuantity" time="12.277"/>
  <testcase classname="add_Product.NumericHSNCode_ProductTest" name="numerics" time="29.782"/>
  <testcase classname="add_Product.AlphabetsAddValues_ProductTest" name="alphabetsAddValue" time="18.461"/>
  <testcase classname="add_Product.SpecialChracterCategory_ProductTest" name="specialCharacter" time="6.538"/>
  <testcase classname="add_Product.AlphaNumericsName_ProductTest" name="alphaNumericsName" time="8.395"/>
  <testcase classname="add_Product.MoreThanLimitDiscount_ProductTest" name="moreThanLimitDiscount" time="11.958"/>
  <testcase classname="add_Product.MoreThan2DecimalPrice_ProductTest" name="moreThan2DecimalPrice" time="10.936"/>
  <testcase classname="add_Product.PercentageDiscount_ProductTest" name="persentageDiscount" time="14.294"/>
  <testcase classname="add_Product.MaxLimitPrice_ProductTest" name="maxLimitPrice" time="10.304"/>
  <testcase classname="add_Product.NegativeStock_ProductTest" name="negativeStock" time="9.029"/>
  <testcase classname="add_Product.EditMandatoryFieldsBlank_ProductTest" name="editMandatoryFieldsBlank" time="9.008"/>
  <testcase classname="add_Product.EmptyProductCategory_ProductTest" name="emptyProductCategory" time="7.824"/>
  <testcase classname="add_Product.ProductUnit_ProductTest" name="productUnit" time="16.919"/>
  <testcase classname="add_Product.ZeroPrice_ProductTest" name="emptyPrice" time="11.411"/>
  <testcase classname="add_Product.SpecialCharactersName_ProductTest" name="specialCharactersName" time="7.371"/>
  <testcase classname="add_Product.InvalidHSN_ProductTest" name="invalidHSN" time="14.841"/>
  <testcase classname="add_Product.CreateCategoryImage_ProductTest" name="image" time="33.913"/>
  <testcase classname="add_Product.LessThan3Specification_ProductTest" name="lessThan3Specification" time="27.757"/>
  <testcase classname="add_Product.EnablePublish_ProductTest" name="enable" time="6.507"/>
  <testcase classname="add_Product.ZeroDiscount_ProductTest" name="zeroDiscount" time="12.842"/>
</testsuite> <!-- Test -->
