<?xml version="1.0" encoding="UTF-8"?>
<testng-results ignored="0" total="1" passed="1" failed="0" skipped="0">
  <reporter-output>
  </reporter-output>
  <suite started-at="2025-10-03T11:27:42 IST" name="Default suite" finished-at="2025-10-03T11:28:32 IST" duration-ms="49981">
    <groups>
    </groups>
    <test started-at="2025-10-03T11:27:42 IST" name="Default test" finished-at="2025-10-03T11:28:32 IST" duration-ms="49981">
      <class name="add_Service.MaxLengthServiceName_AddServiceTest">
        <test-method is-config="true" signature="capabilities()[pri:0, instance:add_Service.MaxLengthServiceName_AddServiceTest@77f1baf5]" started-at="2025-10-03T11:27:42 IST" name="capabilities" finished-at="2025-10-03T11:27:55 IST" duration-ms="13112" status="PASS">
          <reporter-output>
          </reporter-output>
        </test-method> <!-- capabilities -->
        <test-method is-config="true" signature="login()[pri:0, instance:add_Service.MaxLengthServiceName_AddServiceTest@77f1baf5]" started-at="2025-10-03T11:27:55 IST" name="login" finished-at="2025-10-03T11:28:23 IST" duration-ms="28202" status="PASS">
          <reporter-output>
          </reporter-output>
        </test-method> <!-- login -->
        <test-method signature="emptyPrice()[pri:0, instance:add_Service.MaxLengthServiceName_AddServiceTest@77f1baf5]" started-at="2025-10-03T11:28:23 IST" name="emptyPrice" finished-at="2025-10-03T11:28:31 IST" duration-ms="7320" status="PASS">
          <reporter-output>
          </reporter-output>
        </test-method> <!-- emptyPrice -->
        <test-method is-config="true" signature="close()[pri:0, instance:add_Service.MaxLengthServiceName_AddServiceTest@77f1baf5]" started-at="2025-10-03T11:28:31 IST" name="close" finished-at="2025-10-03T11:28:32 IST" duration-ms="1269" status="PASS">
          <reporter-output>
          </reporter-output>
        </test-method> <!-- close -->
      </class> <!-- add_Service.MaxLengthServiceName_AddServiceTest -->
    </test> <!-- Default test -->
  </suite> <!-- Default suite -->
</testng-results>
